


ARM Macro Assembler    Page 1 


    1 00000000                 AREA             SIMPLE_PROG,CODE,READONLY
    2 00000000         
    3 00000000         __initenc
                               PROC
    4 00000000                 EXPORT           __initenc
    5 00000000         
    6 00000000 4950            ldr              r1,=0x20000200
    7 00000002         
    8 00000002         ;mov r5,#0x32
    9 00000002         ;strb r5,[r1]
   10 00000002         ;add r1,r1,#0x01
   11 00000002         ;mov r5,#0x43
   12 00000002         ;strb r5,[r1]
   13 00000002         ;add r1,r1,#0x01
   14 00000002         ;mov r5,#0xf6
   15 00000002         ;strb r5,[r1]
   16 00000002         ;add r1,r1,#0x01
   17 00000002         ;mov r5,#0xa8
   18 00000002         ;strb r5,[r1]
   19 00000002         ;add r1,r1,#0x01
   20 00000002         ;mov r5,#0x88
   21 00000002         ;strb r5,[r1]
   22 00000002         ;add r1,r1,#0x01
   23 00000002         ;mov r5,#0x5a
   24 00000002         ;strb r5,[r1]
   25 00000002         ;add r1,r1,#0x01
   26 00000002         ;mov r5,#0x30
   27 00000002         ;strb r5,[r1]
   28 00000002         ;add r1,r1,#0x01
   29 00000002         ;mov r5,#0x8d
   30 00000002         ;strb r5,[r1]
   31 00000002         ;add r1,r1,#0x01
   32 00000002         ;mov r5,#0x31
   33 00000002         ;strb r5,[r1]
   34 00000002         ;add r1,r1,#0x01
   35 00000002         ;mov r5,#0x31
   36 00000002         ;strb r5,[r1]
   37 00000002         ;add r1,r1,#0x01
   38 00000002         ;mov r5,#0x98
   39 00000002         ;strb r5,[r1]
   40 00000002         ;add r1,r1,#0x01
   41 00000002         ;mov r5,#0xa2
   42 00000002         ;strb r5,[r1]
   43 00000002         ;add r1,r1,#0x01
   44 00000002         ;mov r5,#0xe0
   45 00000002         ;strb r5,[r1]
   46 00000002         ;add r1,r1,#0x01
   47 00000002         ;mov r5,#0x37
   48 00000002         ;strb r5,[r1]
   49 00000002         ;add r1,r1,#0x01
   50 00000002         ;mov r5,#0x07
   51 00000002         ;strb r5,[r1]
   52 00000002         ;add r1,r1,#0x01
   53 00000002         ;mov r5,#0x34
   54 00000002         ;strb r5,[r1]
   55 00000002         
   56 00000002 F04F 0500       mov              r5,#0x00
   57 00000006 700D            strb             r5,[r1]
   58 00000008 F101 0101       add              r1,r1,#0x01



ARM Macro Assembler    Page 2 


   59 0000000C F04F 0511       mov              r5,#0x11
   60 00000010 700D            strb             r5,[r1]
   61 00000012 F101 0101       add              r1,r1,#0x01
   62 00000016 F04F 0522       mov              r5,#0x22
   63 0000001A 700D            strb             r5,[r1]
   64 0000001C F101 0101       add              r1,r1,#0x01
   65 00000020 F04F 0533       mov              r5,#0x33
   66 00000024 700D            strb             r5,[r1]
   67 00000026 F101 0101       add              r1,r1,#0x01
   68 0000002A F04F 0544       mov              r5,#0x44
   69 0000002E 700D            strb             r5,[r1]
   70 00000030 F101 0101       add              r1,r1,#0x01
   71 00000034 F04F 0555       mov              r5,#0x55
   72 00000038 700D            strb             r5,[r1]
   73 0000003A F101 0101       add              r1,r1,#0x01
   74 0000003E F04F 0566       mov              r5,#0x66
   75 00000042 700D            strb             r5,[r1]
   76 00000044 F101 0101       add              r1,r1,#0x01
   77 00000048 F04F 0577       mov              r5,#0x77
   78 0000004C 700D            strb             r5,[r1]
   79 0000004E F101 0101       add              r1,r1,#0x01
   80 00000052 F04F 0588       mov              r5,#0x88
   81 00000056 700D            strb             r5,[r1]
   82 00000058 F101 0101       add              r1,r1,#0x01
   83 0000005C F04F 0599       mov              r5,#0x99
   84 00000060 700D            strb             r5,[r1]
   85 00000062 F101 0101       add              r1,r1,#0x01
   86 00000066 F04F 05AA       mov              r5,#0xaa
   87 0000006A 700D            strb             r5,[r1]
   88 0000006C F101 0101       add              r1,r1,#0x01
   89 00000070 F04F 05BB       mov              r5,#0xbb
   90 00000074 700D            strb             r5,[r1]
   91 00000076 F101 0101       add              r1,r1,#0x01
   92 0000007A F04F 05CC       mov              r5,#0xcc
   93 0000007E 700D            strb             r5,[r1]
   94 00000080 F101 0101       add              r1,r1,#0x01
   95 00000084 F04F 05DD       mov              r5,#0xdd
   96 00000088 700D            strb             r5,[r1]
   97 0000008A F101 0101       add              r1,r1,#0x01
   98 0000008E F04F 05EE       mov              r5,#0xee
   99 00000092 700D            strb             r5,[r1]
  100 00000094 F101 0101       add              r1,r1,#0x01
  101 00000098 F04F 05FF       mov              r5,#0xff
  102 0000009C 700D            strb             r5,[r1]
  103 0000009E         
  104 0000009E         
  105 0000009E         
  106 0000009E 492A            ldr              r1,=0x20000220
  107 000000A0         
  108 000000A0         ;mov r5,#0x2b
  109 000000A0         ;strb r5,[r1]
  110 000000A0         ;add r1,r1,#0x01
  111 000000A0         ;mov r5,#0x7e
  112 000000A0         ;strb r5,[r1]
  113 000000A0         ;add r1,r1,#0x01
  114 000000A0         ;mov r5,#0x15
  115 000000A0         ;strb r5,[r1]
  116 000000A0         ;add r1,r1,#0x01
  117 000000A0         ;mov r5,#0x16



ARM Macro Assembler    Page 3 


  118 000000A0         ;strb r5,[r1]
  119 000000A0         ;add r1,r1,#0x01
  120 000000A0         ;mov r5,#0x28
  121 000000A0         ;strb r5,[r1]
  122 000000A0         ;add r1,r1,#0x01
  123 000000A0         ;mov r5,#0xae
  124 000000A0         ;strb r5,[r1]
  125 000000A0         ;add r1,r1,#0x01
  126 000000A0         ;mov r5,#0xd2
  127 000000A0         ;strb r5,[r1]
  128 000000A0         ;add r1,r1,#0x01
  129 000000A0         ;mov r5,#0xa6
  130 000000A0         ;strb r5,[r1]
  131 000000A0         ;add r1,r1,#0x01
  132 000000A0         ;mov r5,#0xab
  133 000000A0         ;strb r5,[r1]
  134 000000A0         ;add r1,r1,#0x01
  135 000000A0         ;mov r5,#0xf7
  136 000000A0         ;strb r5,[r1]
  137 000000A0         ;add r1,r1,#0x01
  138 000000A0         ;mov r5,#0x15
  139 000000A0         ;strb r5,[r1]
  140 000000A0         ;add r1,r1,#0x01
  141 000000A0         ;mov r5,#0x88
  142 000000A0         ;strb r5,[r1]
  143 000000A0         ;add r1,r1,#0x01
  144 000000A0         ;mov r5,#0x09
  145 000000A0         ;strb r5,[r1]
  146 000000A0         ;add r1,r1,#0x01
  147 000000A0         ;mov r5,#0xcf
  148 000000A0         ;strb r5,[r1]
  149 000000A0         ;add r1,r1,#0x01
  150 000000A0         ;mov r5,#0x4f
  151 000000A0         ;strb r5,[r1]
  152 000000A0         ;add r1,r1,#0x01
  153 000000A0         ;mov r5,#0x3c
  154 000000A0         ;strb r5,[r1]
  155 000000A0         ;add r1,r1,#0x01
  156 000000A0         
  157 000000A0 F04F 0500       mov              r5,#0x00
  158 000000A4 700D            strb             r5,[r1]
  159 000000A6 F101 0101       add              r1,r1,#0x01
  160 000000AA F04F 0501       mov              r5,#0x01
  161 000000AE 700D            strb             r5,[r1]
  162 000000B0 F101 0101       add              r1,r1,#0x01
  163 000000B4 F04F 0502       mov              r5,#0x02
  164 000000B8 700D            strb             r5,[r1]
  165 000000BA F101 0101       add              r1,r1,#0x01
  166 000000BE F04F 0503       mov              r5,#0x03
  167 000000C2 700D            strb             r5,[r1]
  168 000000C4 F101 0101       add              r1,r1,#0x01
  169 000000C8 F04F 0504       mov              r5,#0x04
  170 000000CC 700D            strb             r5,[r1]
  171 000000CE F101 0101       add              r1,r1,#0x01
  172 000000D2 F04F 0505       mov              r5,#0x05
  173 000000D6 700D            strb             r5,[r1]
  174 000000D8 F101 0101       add              r1,r1,#0x01
  175 000000DC F04F 0506       mov              r5,#0x06
  176 000000E0 700D            strb             r5,[r1]



ARM Macro Assembler    Page 4 


  177 000000E2 F101 0101       add              r1,r1,#0x01
  178 000000E6 F04F 0507       mov              r5,#0x07
  179 000000EA 700D            strb             r5,[r1]
  180 000000EC F101 0101       add              r1,r1,#0x01
  181 000000F0 F04F 0508       mov              r5,#0x08
  182 000000F4 700D            strb             r5,[r1]
  183 000000F6 F101 0101       add              r1,r1,#0x01
  184 000000FA F04F 0509       mov              r5,#0x09
  185 000000FE 700D            strb             r5,[r1]
  186 00000100 F101 0101       add              r1,r1,#0x01
  187 00000104 F04F 050A       mov              r5,#0x0a
  188 00000108 700D            strb             r5,[r1]
  189 0000010A F101 0101       add              r1,r1,#0x01
  190 0000010E F04F 050B       mov              r5,#0x0b
  191 00000112 700D            strb             r5,[r1]
  192 00000114 F101 0101       add              r1,r1,#0x01
  193 00000118 F04F 050C       mov              r5,#0x0c
  194 0000011C 700D            strb             r5,[r1]
  195 0000011E F101 0101       add              r1,r1,#0x01
  196 00000122 F04F 050D       mov              r5,#0x0d
  197 00000126 700D            strb             r5,[r1]
  198 00000128 F101 0101       add              r1,r1,#0x01
  199 0000012C F04F 050E       mov              r5,#0x0e
  200 00000130 700D            strb             r5,[r1]
  201 00000132 F101 0101       add              r1,r1,#0x01
  202 00000136 F04F 050F       mov              r5,#0x0f
  203 0000013A 700D            strb             r5,[r1]
  204 0000013C F101 0101       add              r1,r1,#0x01
  205 00000140         
  206 00000140         
  207 00000140         
  208 00000140         
  209 00000140 4770            BX               R14
  210 00000142                 ENDP
  211 00000142                 END
              00 00 20000200 
              20000220 
Command Line: --debug --xref --diag_suppress=9931 --cpu=Cortex-M4.fp --apcs=int
erwork --depend=.\objects\init_aes.d -o.\objects\init_aes.o -IC:\Users\TSAFAS\D
ropbox\Project\supersecret\RTE\_Target_1 -IE:\keil\ARM\PACK\ARM\CMSIS\5.0.0\CMS
IS\Include -IE:\keil\ARM\PACK\Keil\STM32F4xx_DFP\2.10.0\Drivers\CMSIS\Device\ST
\STM32F4xx\Include --predefine="__EVAL SETA 1" --predefine="__UVISION_VERSION S
ETA 522" --predefine="_RTE_ SETA 1" --predefine="STM32F407xx SETA 1" --list=.\l
istings\init_aes.lst init_aes.s



ARM Macro Assembler    Page 1 Alphabetic symbol ordering
Relocatable symbols

SIMPLE_PROG 00000000

Symbol: SIMPLE_PROG
   Definitions
      At line 1 in file init_aes.s
   Uses
      None
Comment: SIMPLE_PROG unused
__initenc 00000000

Symbol: __initenc
   Definitions
      At line 3 in file init_aes.s
   Uses
      At line 4 in file init_aes.s
Comment: __initenc used once
2 symbols
339 symbols in table
