


ARM Macro Assembler    Page 1 


    1 00000000                 AREA             SIMPLE_PROG,CODE,READONLY
    2 00000000         
    3 00000000         
    4 00000000         __keyexp
                               PROC
    5 00000000                 EXPORT           __keyexp
    6 00000000         
    7 00000000 F04F 0A00       ldr              r10,=0x00000000
    8 00000004 F04F 0201       ldr              r2,=0x00000001
    9 00000008 4614            mov              r4,r2
   10 0000000A 498E            ldr              r1,=0x20000220
   11 0000000C         
   12 0000000C         key_round
   13 0000000C F101 020C       add              r2,r1,#0x0C
   14 00000010 6813            ldr              r3,[r2]
   15 00000012 EA4F 2333       ror              r3,r3,#8
   16 00000016         
   17 00000016         ;;call sbox
   18 00000016 461D            mov              r5,r3
   19 00000018         
   20 00000018 F003 03FF       and              r3,r3,#0x000000FF
   21 0000001C B500            STMFD            sp!,{lr}
   22 0000001E F7FF FFFE       BL               __subbytes
   23 00000022 F85D EB04       LDMFD            sp!,{lr}
   24 00000026 7113            strb             r3,[r2,#4]
   25 00000028         
   26 00000028 462B            mov              r3,r5
   27 0000002A EA4F 2333       ror              r3,r3,#8
   28 0000002E F003 03FF       and              r3,r3,#0x000000FF
   29 00000032 B500            STMFD            sp!,{lr}
   30 00000034 F7FF FFFE       BL               __subbytes
   31 00000038 F85D EB04       LDMFD            sp!,{lr}
   32 0000003C 7153            strb             r3,[r2,#5]
   33 0000003E         
   34 0000003E 462B            mov              r3,r5
   35 00000040 EA4F 4333       ror              r3,r3,#16
   36 00000044 F003 03FF       and              r3,r3,#0x000000FF
   37 00000048 B500            STMFD            sp!,{lr}
   38 0000004A F7FF FFFE       BL               __subbytes
   39 0000004E F85D EB04       LDMFD            sp!,{lr}
   40 00000052 7193            strb             r3,[r2,#6]
   41 00000054         
   42 00000054 462B            mov              r3,r5
   43 00000056 EA4F 6333       ror              r3,r3,#24
   44 0000005A F003 03FF       and              r3,r3,#0x000000FF
   45 0000005E B500            STMFD            sp!,{lr}
   46 00000060 F7FF FFFE       BL               __subbytes
   47 00000064 F85D EB04       LDMFD            sp!,{lr}
   48 00000068 71D3            strb             r3,[r2,#7]
   49 0000006A         
   50 0000006A 6853            ldr              r3,[r2,#4]
   51 0000006C         ;; add rcon
   52 0000006C EA83 0304       eor              r3,r3,r4
   53 00000070         ;; add 1st col
   54 00000070 680D            ldr              r5,[r1]
   55 00000072 EA83 0305       eor              r3,r3,r5
   56 00000076         ;;store 1st col
   57 00000076 610B            str              r3,[r1,#16]
   58 00000078         



ARM Macro Assembler    Page 2 


   59 00000078         ;; 2nd col
   60 00000078 684D            ldr              r5,[r1,#4]
   61 0000007A EA83 0305       eor              r3,r3,r5
   62 0000007E 614B            str              r3,[r1,#20]
   63 00000080         ;; 3rd col
   64 00000080 688D            ldr              r5,[r1,#8]
   65 00000082 EA83 0305       eor              r3,r3,r5
   66 00000086 618B            str              r3,[r1,#24]
   67 00000088         ;; 4th col
   68 00000088 68CD            ldr              r5,[r1,#12]
   69 0000008A EA83 0305       eor              r3,r3,r5
   70 0000008E 61CB            str              r3,[r1,#28]
   71 00000090         
   72 00000090 F101 0110       add              r1,r1,#16
   73 00000094         
   74 00000094 F1BA 0F00       cmp              r10,#0
   75 00000098 D107            bne              last_round
   76 0000009A         
   77 0000009A 4424            add              r4,r4,r4
   78 0000009C 2C80            cmp              r4,#0x80
   79 0000009E DDB5            ble              key_round
   80 000000A0         
   81 000000A0 F04F 041B       mov              r4,0x1b
   82 000000A4 F10A 0A01       add              r10,r10,#1
   83 000000A8 E7B0            b                key_round
   84 000000AA         
   85 000000AA         last_round
   86 000000AA F1BA 0F02       cmp              r10,#2
   87 000000AE D004            beq              end_key
   88 000000B0 F04F 0436       mov              r4,0x36
   89 000000B4 F10A 0A01       add              r10,r10,#1
   90 000000B8 E7A8            b                key_round
   91 000000BA         end_key
   92 000000BA         
   93 000000BA                 ENDP
   94 000000BA         
   95 000000BA         
   96 000000BA         __encr  PROC
   97 000000BA                 EXPORT           __encr
   98 000000BA         
   99 000000BA         
  100 000000BA         ;;;;;;;;;;;;;;addroundkey;;;;;;;;;;;
  101 000000BA 4963            ldr              r1,=0x20000200
  102 000000BC 4A61            ldr              r2,=0x20000220
  103 000000BE         
  104 000000BE B500            STMFD            sp!,{lr}
  105 000000C0 F7FF FFFE       BL               __addroundkey
  106 000000C4 F85D EB04       LDMFD            sp!,{lr}
  107 000000C8         ;;;;;;;;;;;;;;;;;;;;;;;;;;;;;;;;;;;;
  108 000000C8         
  109 000000C8         ;;;;;;;;;;;;;9 rounds;;;;;;;;;;;;;;;
  110 000000C8 F04F 0A00       mov              r10,#0x00
  111 000000CC         round_loop
  112 000000CC B500            STMFD            sp!,{lr}
  113 000000CE F7FF FFFE       BL               __round
  114 000000D2 F85D EB04       LDMFD            sp!,{lr}
  115 000000D6         
  116 000000D6 F10A 0A01       add              r10,r10,#0x01
  117 000000DA F1BA 0F09       cmp              r10,#0x09



ARM Macro Assembler    Page 3 


  118 000000DE D1F5            bne              round_loop
  119 000000E0         ;;;;;;;;;;;;;;;;;;;;;;;;;;;;;;;;;;;;
  120 000000E0         
  121 000000E0         ;;;;;;;;;;;;;;;;10th last round;;;;;
  122 000000E0         ;;;;;;;;;;;;;;;;;;;;;;;;;;;;;;;;;;;;;;;;;;;;;;;;;;
  123 000000E0 4959            ldr              r1,=0x20000200 ;argument to __s
                                                            ubbytes
  124 000000E2 F04F 0200       mov              r2,#0x00    ;counter for 128bit
                                                            s text (16 * 1 byte
                                                            )
  125 000000E6         next_byte_last_round
  126 000000E6 5C8B            ldrb             r3,[r1,r2]
  127 000000E8         
  128 000000E8 B500            STMFD            sp!,{lr}
  129 000000EA F7FF FFFE       BL               __subbytes
  130 000000EE F85D EB04       LDMFD            sp!,{lr}
  131 000000F2         
  132 000000F2 548B            strb             r3,[r1,r2]
  133 000000F4         
  134 000000F4 F102 0201       add              r2,r2,#0x01
  135 000000F8 2A10            cmp              r2,#16
  136 000000FA D1F4            bne              next_byte_last_round
  137 000000FC         ;;;;;;;;;;;;;;;;;;;;;;;;;;;;;;;;;;;;;;;;;;;;;;;;;;
  138 000000FC         
  139 000000FC         ;;;;;;;;;;;;;;;;;;;;;;;;;;;;;;;;;;;;;;;;;;;;;;;;;;
  140 000000FC B500            STMFD            sp!,{lr}
  141 000000FE F7FF FFFE       BL               __shiftrows
  142 00000102 F85D EB04       LDMFD            sp!,{lr}
  143 00000106         ;;;;;;;;;;;;;;;;;;;;;;;;;;;;;;;;;;;;;;;;;;;;;;;;;;
  144 00000106         ;;;;;;;;;;;;;;;;;;;;;;;;;;;;;;;;;;;;;;;;;;;;;;;;;;
  145 00000106 4950            ldr              r1,=0x20000200 ;argument to __m
                                                            ixcolumns
  146 00000108 4A50            ldr              r2,=0x200002C0 ;argument to __m
                                                            ixcolumns
  147 0000010A         
  148 0000010A B500            STMFD            sp!,{lr}
  149 0000010C F7FF FFFE       BL               __addroundkey
  150 00000110 F85D EB04       LDMFD            sp!,{lr}
  151 00000114         ;;;;;;;;;;;;;;;;;;;;;;;;;;;;;;;;;;;;;;;;;;;;;;;;;;
  152 00000114 4770            BX               R14
  153 00000116                 ENDP
  154 00000116         ;;;;;;;;;;;;;;;;;;;;;;;;;;;;;;;;;;;;;
  155 00000116         
  156 00000116         __round PROC
  157 00000116                 EXPORT           __round
  158 00000116         
  159 00000116         
  160 00000116         ;;;;;;;;;;;;;;;;;;;;;;;;;;;;;;;;;;;;;;;;;;;;;;;;;;
  161 00000116 494C            ldr              r1,=0x20000200 ;argument to __s
                                                            ubbytes
  162 00000118 F04F 0200       mov              r2,#0x00    ;counter for 128bit
                                                            s text (16 * 1 byte
                                                            )
  163 0000011C         next_byte
  164 0000011C 5C8B            ldrb             r3,[r1,r2]
  165 0000011E         
  166 0000011E B500            STMFD            sp!,{lr}
  167 00000120 F7FF FFFE       BL               __subbytes
  168 00000124 F85D EB04       LDMFD            sp!,{lr}



ARM Macro Assembler    Page 4 


  169 00000128         
  170 00000128 548B            strb             r3,[r1,r2]
  171 0000012A         
  172 0000012A F102 0201       add              r2,r2,#0x01
  173 0000012E 2A10            cmp              r2,#16
  174 00000130 D1F4            bne              next_byte
  175 00000132         ;;;;;;;;;;;;;;;;;;;;;;;;;;;;;;;;;;;;;;;;;;;;;;;;;;
  176 00000132         
  177 00000132         ;;;;;;;;;;;;;;;;;;;;;;;;;;;;;;;;;;;;;;;;;;;;;;;;;;
  178 00000132         ;argument already in r1
  179 00000132 B500            STMFD            sp!,{lr}
  180 00000134 F7FF FFFE       BL               __shiftrows
  181 00000138 F85D EB04       LDMFD            sp!,{lr}
  182 0000013C         ;;;;;;;;;;;;;;;;;;;;;;;;;;;;;;;;;;;;;;;;;;;;;;;;;;
  183 0000013C         
  184 0000013C         
  185 0000013C         ;;;;;;;;;;;;;;;;;;;;;;;;;;;;;;;;;;;;;;;;;;;;;;;;;;
  186 0000013C 4942            ldr              r1,=0x20000200 ;argument to __m
                                                            ixcolumns
  187 0000013E F04F 0C00       mov              r12,#0x00   ;counter for 128bit
                                                            s text (16 * 1 byte
                                                            )
  188 00000142         next_column
  189 00000142         
  190 00000142 B500            STMFD            sp!,{lr}
  191 00000144 F7FF FFFE       BL               __mixcolumns
  192 00000148 F85D EB04       LDMFD            sp!,{lr}
  193 0000014C         
  194 0000014C F10C 0C01       add              r12,r12,#0x01
  195 00000150 F101 0104       add              r1,r1,#4
  196 00000154 F1BC 0F04       cmp              r12,#4
  197 00000158 D1F3            bne              next_column
  198 0000015A         
  199 0000015A         ;;;;;;;;;;;;;;;;;;;;;;;;;;;;;;;;;;;;;;;;;;;;;;;;;;
  200 0000015A         
  201 0000015A         ;;;;;;;;;;;;;;;;;;;;;;;;;;;;;;;;;;;;;;;;;;;;;;;;;;
  202 0000015A 493B            ldr              r1,=0x20000200 ;argument to __m
                                                            ixcolumns
  203 0000015C 4A3C            ldr              r2,=0x20000230 ;argument to __m
                                                            ixcolumns
  204 0000015E         
  205 0000015E 46D1            mov              r9,r10
  206 00000160 EA4F 1909       lsl              r9,#4
  207 00000164 444A            add              r2,r2,r9
  208 00000166         
  209 00000166 B500            STMFD            sp!,{lr}
  210 00000168 F7FF FFFE       BL               __addroundkey
  211 0000016C F85D EB04       LDMFD            sp!,{lr}
  212 00000170         
  213 00000170         ;;;;;;;;;;;;;;;;;;;;;;;;;;;;;;;;;;;;;;;;;;;;;;;;;;
  214 00000170 4770            BX               R14
  215 00000172                 ENDP
  216 00000172         
  217 00000172         __addroundkey
                               PROC
  218 00000172                 EXPORT           __addroundkey
  219 00000172         ;inputs:  r1 1st operand location
  220 00000172         ;   r2 2nd operand location
  221 00000172         



ARM Macro Assembler    Page 5 


  222 00000172 F04F 0300       mov              r3,#0
  223 00000176         
  224 00000176         xor_128
  225 00000176 58CC            ldr              r4,[r1,r3]
  226 00000178 58D5            ldr              r5,[r2,r3]
  227 0000017A EA84 0605       eor              r6,r4,r5
  228 0000017E 50CE            str              r6,[r1,r3]
  229 00000180 F103 0304       add              r3,r3,#0x04
  230 00000184 2B10            cmp              r3,#0x010
  231 00000186 D1F6            bne              xor_128
  232 00000188         
  233 00000188 4770            BX               R14
  234 0000018A                 ENDP
  235 0000018A         
  236 0000018A         __subbytes
                               PROC
  237 0000018A                 EXPORT           __subbytes
  238 0000018A         ;input: 1 byte @r3
  239 0000018A         
  240 0000018A F8DF 80C8       ldr              r8,=0x20000216
  241 0000018E F8D8 7000       ldr              r7,[r8]
  242 00000192 EB07 0603       add              r6,r7,r3
  243 00000196 7833            ldrb             r3,[r6]
  244 00000198         
  245 00000198 4770            BX               R14
  246 0000019A                 ENDP
  247 0000019A         
  248 0000019A         __shiftrows
                               PROC
  249 0000019A                 EXPORT           __shiftrows
  250 0000019A         ;input: 1 address @r1
  251 0000019A         
  252 0000019A         ;;;row0
  253 0000019A         ;remains same 
  254 0000019A         ;;;row 1
  255 0000019A 784A            ldrb             r2,[r1,#1]
  256 0000019C         
  257 0000019C 794B            ldrb             r3,[r1,#5]
  258 0000019E 704B            strb             r3,[r1,#1]
  259 000001A0         
  260 000001A0 7A4B            ldrb             r3,[r1,#9]
  261 000001A2 714B            strb             r3,[r1,#5]
  262 000001A4         
  263 000001A4 7B4B            ldrb             r3,[r1,#13]
  264 000001A6 724B            strb             r3,[r1,#9]
  265 000001A8         
  266 000001A8 734A            strb             r2,[r1,#13]
  267 000001AA         
  268 000001AA         ;;;row 2
  269 000001AA 788A            ldrb             r2,[r1,#2]
  270 000001AC         
  271 000001AC 798B            ldrb             r3,[r1,#6]
  272 000001AE         
  273 000001AE         
  274 000001AE 7A8C            ldrb             r4,[r1,#10]
  275 000001B0 708C            strb             r4,[r1,#2]
  276 000001B2         
  277 000001B2 7B8C            ldrb             r4,[r1,#14]
  278 000001B4 718C            strb             r4,[r1,#6]



ARM Macro Assembler    Page 6 


  279 000001B6         
  280 000001B6 728A            strb             r2,[r1,#10]
  281 000001B8 738B            strb             r3,[r1,#14]
  282 000001BA         
  283 000001BA         
  284 000001BA         ;;;row 3
  285 000001BA 7BCA            ldrb             r2,[r1,#15]
  286 000001BC         
  287 000001BC 7ACB            ldrb             r3,[r1,#11]
  288 000001BE 73CB            strb             r3,[r1,#15]
  289 000001C0         
  290 000001C0 79CB            ldrb             r3,[r1,#7]
  291 000001C2 72CB            strb             r3,[r1,#11]
  292 000001C4         
  293 000001C4 78CB            ldrb             r3,[r1,#3]
  294 000001C6 71CB            strb             r3,[r1,#7]
  295 000001C8         
  296 000001C8 70CA            strb             r2,[r1,#3]
  297 000001CA         
  298 000001CA         
  299 000001CA 4770            BX               R14
  300 000001CC                 ENDP
  301 000001CC         
  302 000001CC         __mixcolumns
                               PROC
  303 000001CC                 EXPORT           __mixcolumns
  304 000001CC         ;input: 1 address @r1
  305 000001CC 4A22            ldr              r2,=0x20000300
  306 000001CE 6812            ldr              r2,[r2]
  307 000001D0 4B22            ldr              r3,=0x20000306
  308 000001D2 681B            ldr              r3,[r3]
  309 000001D4         
  310 000001D4         ;element 1
  311 000001D4 780C            ldrb             r4,[r1]
  312 000001D6 5D15            ldrb             r5,[r2,r4]  ;mc2[r4]
  313 000001D8         
  314 000001D8 784C            ldrb             r4,[r1,#1]
  315 000001DA 5D1E            ldrb             r6,[r3,r4]  ;mc3[r4]
  316 000001DC         
  317 000001DC EA85 0506       eor              r5,r5,r6
  318 000001E0         
  319 000001E0 788C            ldrb             r4,[r1,#2]
  320 000001E2 EA85 0504       eor              r5,r5,r4
  321 000001E6         
  322 000001E6 78CC            ldrb             r4,[r1,#3]
  323 000001E8 EA85 0704       eor              r7,r5,r4    ;element 1 in r7
  324 000001EC         ;element 2
  325 000001EC 784C            ldrb             r4,[r1,#1]
  326 000001EE 5D15            ldrb             r5,[r2,r4]  ;mc2[r4]
  327 000001F0         
  328 000001F0 788C            ldrb             r4,[r1,#2]
  329 000001F2 5D1E            ldrb             r6,[r3,r4]  ;mc3[r4]
  330 000001F4         
  331 000001F4 EA85 0506       eor              r5,r5,r6
  332 000001F8         
  333 000001F8 780C            ldrb             r4,[r1]
  334 000001FA EA85 0504       eor              r5,r5,r4
  335 000001FE         
  336 000001FE 78CC            ldrb             r4,[r1,#3]



ARM Macro Assembler    Page 7 


  337 00000200 EA85 0804       eor              r8,r5,r4    ;element 2 in r8
  338 00000204         ;element 3
  339 00000204 788C            ldrb             r4,[r1,#2]
  340 00000206 5D15            ldrb             r5,[r2,r4]  ;mc2[r4]
  341 00000208         
  342 00000208 78CC            ldrb             r4,[r1,#3]
  343 0000020A 5D1E            ldrb             r6,[r3,r4]  ;mc3[r4]
  344 0000020C         
  345 0000020C EA85 0506       eor              r5,r5,r6
  346 00000210         
  347 00000210 780C            ldrb             r4,[r1]
  348 00000212 EA85 0504       eor              r5,r5,r4
  349 00000216         
  350 00000216 784C            ldrb             r4,[r1,#1]
  351 00000218 EA85 0904       eor              r9,r5,r4    ;element 3 in r9
  352 0000021C         ;element 4
  353 0000021C 78CC            ldrb             r4,[r1,#3]
  354 0000021E 5D15            ldrb             r5,[r2,r4]  ;mc2[r4]
  355 00000220         
  356 00000220 780C            ldrb             r4,[r1]
  357 00000222 5D1E            ldrb             r6,[r3,r4]  ;mc3[r4]
  358 00000224         
  359 00000224 EA85 0506       eor              r5,r5,r6
  360 00000228         
  361 00000228 784C            ldrb             r4,[r1,#1]
  362 0000022A EA85 0504       eor              r5,r5,r4
  363 0000022E         
  364 0000022E 788C            ldrb             r4,[r1,#2]
  365 00000230 EA85 0B04       eor              r11,r5,r4   ;element 4 in r11
  366 00000234         ;store elements
  367 00000234 700F            strb             r7,[r1]
  368 00000236 F881 8001       strb             r8,[r1,#1]
  369 0000023A F881 9002       strb             r9,[r1,#2]
  370 0000023E F881 B003       strb             r11,[r1,#3]
  371 00000242         
  372 00000242         
  373 00000242         
  374 00000242 4770            BX               R14
  375 00000244                 ENDP
  376 00000244         
  377 00000244                 END
              20000220 
              20000200 
              200002C0 
              20000230 
              20000216 
              20000300 
              20000306 
Command Line: --debug --xref --diag_suppress=9931 --cpu=Cortex-M4.fp --apcs=int
erwork --depend=.\objects\aes.d -o.\objects\aes.o -IC:\Users\TSAFAS\Dropbox\Pro
ject\receiver\supersecret\RTE\_Target_1 -IE:\keil\ARM\PACK\ARM\CMSIS\5.0.0\CMSI
S\Include -IE:\keil\ARM\PACK\Keil\STM32F4xx_DFP\2.10.0\Drivers\CMSIS\Device\ST\
STM32F4xx\Include --predefine="__EVAL SETA 1" --predefine="__UVISION_VERSION SE
TA 522" --predefine="_RTE_ SETA 1" --predefine="STM32F407xx SETA 1" --list=.\li
stings\aes.lst aes.s



ARM Macro Assembler    Page 1 Alphabetic symbol ordering
Relocatable symbols

SIMPLE_PROG 00000000

Symbol: SIMPLE_PROG
   Definitions
      At line 1 in file aes.s
   Uses
      None
Comment: SIMPLE_PROG unused
__addroundkey 00000172

Symbol: __addroundkey
   Definitions
      At line 217 in file aes.s
   Uses
      At line 105 in file aes.s
      At line 149 in file aes.s
      At line 210 in file aes.s
      At line 218 in file aes.s

__encr 000000BA

Symbol: __encr
   Definitions
      At line 96 in file aes.s
   Uses
      At line 97 in file aes.s
Comment: __encr used once
__keyexp 00000000

Symbol: __keyexp
   Definitions
      At line 4 in file aes.s
   Uses
      At line 5 in file aes.s
Comment: __keyexp used once
__mixcolumns 000001CC

Symbol: __mixcolumns
   Definitions
      At line 302 in file aes.s
   Uses
      At line 191 in file aes.s
      At line 303 in file aes.s

__round 00000116

Symbol: __round
   Definitions
      At line 156 in file aes.s
   Uses
      At line 113 in file aes.s
      At line 157 in file aes.s

__shiftrows 0000019A

Symbol: __shiftrows
   Definitions
      At line 248 in file aes.s
   Uses



ARM Macro Assembler    Page 2 Alphabetic symbol ordering
Relocatable symbols

      At line 141 in file aes.s
      At line 180 in file aes.s
      At line 249 in file aes.s

__subbytes 0000018A

Symbol: __subbytes
   Definitions
      At line 236 in file aes.s
   Uses
      At line 22 in file aes.s
      At line 30 in file aes.s
      At line 38 in file aes.s
      At line 46 in file aes.s
      At line 129 in file aes.s
      At line 167 in file aes.s
      At line 237 in file aes.s

end_key 000000BA

Symbol: end_key
   Definitions
      At line 91 in file aes.s
   Uses
      At line 87 in file aes.s
Comment: end_key used once
key_round 0000000C

Symbol: key_round
   Definitions
      At line 12 in file aes.s
   Uses
      At line 79 in file aes.s
      At line 83 in file aes.s
      At line 90 in file aes.s

last_round 000000AA

Symbol: last_round
   Definitions
      At line 85 in file aes.s
   Uses
      At line 75 in file aes.s
Comment: last_round used once
next_byte 0000011C

Symbol: next_byte
   Definitions
      At line 163 in file aes.s
   Uses
      At line 174 in file aes.s
Comment: next_byte used once
next_byte_last_round 000000E6

Symbol: next_byte_last_round
   Definitions
      At line 125 in file aes.s
   Uses
      At line 136 in file aes.s



ARM Macro Assembler    Page 3 Alphabetic symbol ordering
Relocatable symbols

Comment: next_byte_last_round used once
next_column 00000142

Symbol: next_column
   Definitions
      At line 188 in file aes.s
   Uses
      At line 197 in file aes.s
Comment: next_column used once
round_loop 000000CC

Symbol: round_loop
   Definitions
      At line 111 in file aes.s
   Uses
      At line 118 in file aes.s
Comment: round_loop used once
xor_128 00000176

Symbol: xor_128
   Definitions
      At line 224 in file aes.s
   Uses
      At line 231 in file aes.s
Comment: xor_128 used once
16 symbols
353 symbols in table
