


ARM Macro Assembler    Page 1 


    1 00000000                 AREA             SIMPLE_PROG,CODE,READONLY
    2 00000000         
    3 00000000         __initenc
                               PROC
    4 00000000                 EXPORT           __initenc
    5 00000000         
    6 00000000 4950            ldr              r1,=0x20000200
    7 00000002         
    8 00000002 F04F 0532       mov              r5,#0x32
    9 00000006 700D            strb             r5,[r1]
   10 00000008 F101 0101       add              r1,r1,#0x01
   11 0000000C F04F 0543       mov              r5,#0x43
   12 00000010 700D            strb             r5,[r1]
   13 00000012 F101 0101       add              r1,r1,#0x01
   14 00000016 F04F 05F6       mov              r5,#0xf6
   15 0000001A 700D            strb             r5,[r1]
   16 0000001C F101 0101       add              r1,r1,#0x01
   17 00000020 F04F 05A8       mov              r5,#0xa8
   18 00000024 700D            strb             r5,[r1]
   19 00000026 F101 0101       add              r1,r1,#0x01
   20 0000002A F04F 0588       mov              r5,#0x88
   21 0000002E 700D            strb             r5,[r1]
   22 00000030 F101 0101       add              r1,r1,#0x01
   23 00000034 F04F 055A       mov              r5,#0x5a
   24 00000038 700D            strb             r5,[r1]
   25 0000003A F101 0101       add              r1,r1,#0x01
   26 0000003E F04F 0530       mov              r5,#0x30
   27 00000042 700D            strb             r5,[r1]
   28 00000044 F101 0101       add              r1,r1,#0x01
   29 00000048 F04F 058D       mov              r5,#0x8d
   30 0000004C 700D            strb             r5,[r1]
   31 0000004E F101 0101       add              r1,r1,#0x01
   32 00000052 F04F 0531       mov              r5,#0x31
   33 00000056 700D            strb             r5,[r1]
   34 00000058 F101 0101       add              r1,r1,#0x01
   35 0000005C F04F 0531       mov              r5,#0x31
   36 00000060 700D            strb             r5,[r1]
   37 00000062 F101 0101       add              r1,r1,#0x01
   38 00000066 F04F 0598       mov              r5,#0x98
   39 0000006A 700D            strb             r5,[r1]
   40 0000006C F101 0101       add              r1,r1,#0x01
   41 00000070 F04F 05A2       mov              r5,#0xa2
   42 00000074 700D            strb             r5,[r1]
   43 00000076 F101 0101       add              r1,r1,#0x01
   44 0000007A F04F 05E0       mov              r5,#0xe0
   45 0000007E 700D            strb             r5,[r1]
   46 00000080 F101 0101       add              r1,r1,#0x01
   47 00000084 F04F 0537       mov              r5,#0x37
   48 00000088 700D            strb             r5,[r1]
   49 0000008A F101 0101       add              r1,r1,#0x01
   50 0000008E F04F 0507       mov              r5,#0x07
   51 00000092 700D            strb             r5,[r1]
   52 00000094 F101 0101       add              r1,r1,#0x01
   53 00000098 F04F 0534       mov              r5,#0x34
   54 0000009C 700D            strb             r5,[r1]
   55 0000009E         ;mov r2,#0x00
   56 0000009E         ;mov r3,#0x00
   57 0000009E         ;fill_plaintext
   58 0000009E         ;strb r3,[r1,r2]



ARM Macro Assembler    Page 2 


   59 0000009E         ;add r2,r2,#0x01
   60 0000009E         ;add r3,r3,#0x01
   61 0000009E         ;cmp r2,#0x10
   62 0000009E         ;bne fill_plaintext
   63 0000009E         
   64 0000009E         ;add r1,r1,#0x20
   65 0000009E         ;mov r2,#0x00
   66 0000009E         ;mov r3,#0x01
   67 0000009E         
   68 0000009E         
   69 0000009E         ;fill_key
   70 0000009E         ;strb r3,[r1,r2]
   71 0000009E         ;add r2,r2,#0x01
   72 0000009E         ;cmp r2,0x10
   73 0000009E         ;bne fill_key
   74 0000009E 492A            ldr              r1,=0x20000220
   75 000000A0 F04F 052B       mov              r5,#0x2b
   76 000000A4 700D            strb             r5,[r1]
   77 000000A6 F101 0101       add              r1,r1,#0x01
   78 000000AA F04F 057E       mov              r5,#0x7e
   79 000000AE 700D            strb             r5,[r1]
   80 000000B0 F101 0101       add              r1,r1,#0x01
   81 000000B4 F04F 0515       mov              r5,#0x15
   82 000000B8 700D            strb             r5,[r1]
   83 000000BA F101 0101       add              r1,r1,#0x01
   84 000000BE F04F 0516       mov              r5,#0x16
   85 000000C2 700D            strb             r5,[r1]
   86 000000C4 F101 0101       add              r1,r1,#0x01
   87 000000C8 F04F 0528       mov              r5,#0x28
   88 000000CC 700D            strb             r5,[r1]
   89 000000CE F101 0101       add              r1,r1,#0x01
   90 000000D2 F04F 05AE       mov              r5,#0xae
   91 000000D6 700D            strb             r5,[r1]
   92 000000D8 F101 0101       add              r1,r1,#0x01
   93 000000DC F04F 05D2       mov              r5,#0xd2
   94 000000E0 700D            strb             r5,[r1]
   95 000000E2 F101 0101       add              r1,r1,#0x01
   96 000000E6 F04F 05A6       mov              r5,#0xa6
   97 000000EA 700D            strb             r5,[r1]
   98 000000EC F101 0101       add              r1,r1,#0x01
   99 000000F0 F04F 05AB       mov              r5,#0xab
  100 000000F4 700D            strb             r5,[r1]
  101 000000F6 F101 0101       add              r1,r1,#0x01
  102 000000FA F04F 05F7       mov              r5,#0xf7
  103 000000FE 700D            strb             r5,[r1]
  104 00000100 F101 0101       add              r1,r1,#0x01
  105 00000104 F04F 0515       mov              r5,#0x15
  106 00000108 700D            strb             r5,[r1]
  107 0000010A F101 0101       add              r1,r1,#0x01
  108 0000010E F04F 0588       mov              r5,#0x88
  109 00000112 700D            strb             r5,[r1]
  110 00000114 F101 0101       add              r1,r1,#0x01
  111 00000118 F04F 0509       mov              r5,#0x09
  112 0000011C 700D            strb             r5,[r1]
  113 0000011E F101 0101       add              r1,r1,#0x01
  114 00000122 F04F 05CF       mov              r5,#0xcf
  115 00000126 700D            strb             r5,[r1]
  116 00000128 F101 0101       add              r1,r1,#0x01
  117 0000012C F04F 054F       mov              r5,#0x4f



ARM Macro Assembler    Page 3 


  118 00000130 700D            strb             r5,[r1]
  119 00000132 F101 0101       add              r1,r1,#0x01
  120 00000136 F04F 053C       mov              r5,#0x3c
  121 0000013A 700D            strb             r5,[r1]
  122 0000013C F101 0101       add              r1,r1,#0x01
  123 00000140         
  124 00000140         
  125 00000140         ;mov r2,r1
  126 00000140         ;sub r1,r1,#0x20
  127 00000140         ;mov r3,#0x00
  128 00000140         
  129 00000140         
  130 00000140         
  131 00000140         
  132 00000140 4770            BX               R14
  133 00000142                 ENDP
  134 00000142                 END
              00 00 20000200 
              20000220 
Command Line: --debug --xref --diag_suppress=9931 --cpu=Cortex-M4.fp --apcs=int
erwork --depend=.\objects\init_aes.d -o.\objects\init_aes.o -IC:\Users\TSAFAS\D
ropbox\Project\supersecret\RTE\_Target_1 -IE:\keil\ARM\PACK\ARM\CMSIS\5.0.0\CMS
IS\Include -IE:\keil\ARM\PACK\Keil\STM32F4xx_DFP\2.10.0\Drivers\CMSIS\Device\ST
\STM32F4xx\Include --predefine="__EVAL SETA 1" --predefine="__UVISION_VERSION S
ETA 522" --predefine="_RTE_ SETA 1" --predefine="STM32F407xx SETA 1" --list=.\l
istings\init_aes.lst init_aes.s



ARM Macro Assembler    Page 1 Alphabetic symbol ordering
Relocatable symbols

SIMPLE_PROG 00000000

Symbol: SIMPLE_PROG
   Definitions
      At line 1 in file init_aes.s
   Uses
      None
Comment: SIMPLE_PROG unused
__initenc 00000000

Symbol: __initenc
   Definitions
      At line 3 in file init_aes.s
   Uses
      At line 4 in file init_aes.s
Comment: __initenc used once
2 symbols
339 symbols in table
